<?xml version="1.0" encoding="UTF-8"?>
<!-- Generated by org.testng.reporters.JUnitReportReporter -->
<testsuite hostname="DESKTOP-H1PTRJQ" failures="0" tests="1" name="com.qa.tests.CSVImportToDatabaseTests" time="0.009" errors="0" timestamp="2024-09-13T00:04:20 IST" skipped="0">
  <testcase classname="com.qa.tests.CSVImportToDatabaseTests" name="testValidCSVImport" time="0.009"/>
  <system-out/>
</testsuite> <!-- com.qa.tests.CSVImportToDatabaseTests -->
